<?xml version="1.0" encoding="UTF-8"?>
<!-- Generated by org.testng.reporters.JUnitReportReporter -->
<testsuite hostname="DESKTOP-E8LPHKO" failures="0" tests="1" name="com.AnyAUT.PrepareRun" time="0.008" errors="0" timestamp="13 Aug 2020 18:40:58 GMT">
  <testcase classname="com.AnyAUT.PrepareRun" name="createRunSetUpData" time="0.008"/>
</testsuite> <!-- com.AnyAUT.PrepareRun -->
